h:\project-apotheosis\apotheosis\debug\button.cso
h:\project-apotheosis\apotheosis\debug\lighthelper.cso
h:\project-apotheosis\apotheosis\debug\texalpha.cso
h:\project-apotheosis\apotheosis\apotheosis\debug\vc120.pdb
h:\project-apotheosis\apotheosis\apotheosis\debug\vc120.idb
h:\project-apotheosis\apotheosis\apotheosis\debug\appwin32.obj
h:\project-apotheosis\apotheosis\apotheosis\debug\camera.obj
h:\project-apotheosis\apotheosis\apotheosis\debug\d3dinputmanager.obj
h:\project-apotheosis\apotheosis\apotheosis\debug\dx10renderer.obj
h:\project-apotheosis\apotheosis\apotheosis\debug\gameplayscene.obj
h:\project-apotheosis\apotheosis\apotheosis\debug\iactor.obj
h:\project-apotheosis\apotheosis\apotheosis\debug\mainmenuscene.obj
h:\project-apotheosis\apotheosis\apotheosis\debug\player.obj
h:\project-apotheosis\apotheosis\apotheosis\debug\xinputmanager.obj
h:\project-apotheosis\apotheosis\apotheosis\debug\gameroot.obj
h:\project-apotheosis\apotheosis\apotheosis\debug\inputhandler.obj
h:\project-apotheosis\apotheosis\apotheosis\debug\iroot.obj
h:\project-apotheosis\apotheosis\apotheosis\debug\physicssystem.obj
h:\project-apotheosis\apotheosis\apotheosis\debug\timer.obj
h:\project-apotheosis\apotheosis\apotheosis\debug\transform.obj
h:\project-apotheosis\apotheosis\apotheosis\debug\util.obj
h:\project-apotheosis\apotheosis\apotheosis\debug\winmain.obj
h:\project-apotheosis\apotheosis\apotheosis\debug\audiomanager.obj
h:\project-apotheosis\apotheosis\debug\apotheosis.ilk
h:\project-apotheosis\apotheosis\debug\apotheosis.exe
h:\project-apotheosis\apotheosis\debug\apotheosis.pdb
h:\project-apotheosis\apotheosis\apotheosis\debug\apotheosis.tlog\apotheosis.write.1u.tlog
h:\project-apotheosis\apotheosis\apotheosis\debug\apotheosis.tlog\cl.command.1.tlog
h:\project-apotheosis\apotheosis\apotheosis\debug\apotheosis.tlog\cl.read.1.tlog
h:\project-apotheosis\apotheosis\apotheosis\debug\apotheosis.tlog\cl.write.1.tlog
h:\project-apotheosis\apotheosis\apotheosis\debug\apotheosis.tlog\fxc.command.1.tlog
h:\project-apotheosis\apotheosis\apotheosis\debug\apotheosis.tlog\fxc.read.1.tlog
h:\project-apotheosis\apotheosis\apotheosis\debug\apotheosis.tlog\fxc.write.1.tlog
h:\project-apotheosis\apotheosis\apotheosis\debug\apotheosis.tlog\link.command.1.tlog
h:\project-apotheosis\apotheosis\apotheosis\debug\apotheosis.tlog\link.read.1.tlog
h:\project-apotheosis\apotheosis\apotheosis\debug\apotheosis.tlog\link.write.1.tlog
