  AppWin32.cpp
  Generating Code...
  Compiling...
  winmain.cpp
  XInputManager.cpp
  Util.cpp
  Transform.cpp
  Player.cpp
e:\sem2\apotheosis\apotheosis\apotheosis\player.cpp(327): warning C4244: 'argument' : conversion from 'int' to 'float32', possible loss of data
  PhysicsSystem.cpp
  MainMenuScene.cpp
  InputHandler.cpp
  IRoot.cpp
  IActor.cpp
e:\sem2\apotheosis\apotheosis\apotheosis\iactor.cpp(18): warning C4305: 'argument' : truncation from 'double' to 'float'
  GameplayScene.cpp
e:\sem2\apotheosis\apotheosis\apotheosis\gameplayscene.cpp(164): warning C4018: '>' : signed/unsigned mismatch
  GameRoot.cpp
e:\sem2\apotheosis\apotheosis\apotheosis\gameroot.cpp(69): warning C4244: 'argument' : conversion from 'const int' to 'float', possible loss of data
  DX10Renderer.cpp
e:\sem2\apotheosis\apotheosis\apotheosis\dx10renderer.cpp(539): warning C4244: 'argument' : conversion from 'const UINT' to 'float', possible loss of data
  D3DInputmanager.cpp
  Camera.cpp
e:\sem2\apotheosis\apotheosis\apotheosis\camera.cpp(98): warning C4244: 'argument' : conversion from 'int' to 'FLOAT', possible loss of data
  Generating Code...
  Apotheosis.vcxproj -> E:\Sem2\Apotheosis\Apotheosis\Debug\Apotheosis.exe
